This is e-upTeX, Version 3.141592653-p3.9.0-u1.27-210218-2.6 (utf8.uptex) (TeX Live 2021) (preloaded format=uplatex 2021.10.19)  17 JAN 2023 11:49
entering extended mode
 restricted \write18 enabled.
 %&-line parsing enabled.
**/Users/kyoheiyamashita/VSCode/LaTex/第1回/rinkou.tex
(/Users/kyoheiyamashita/VSCode/LaTex/第1回/rinkou.tex
pLaTeX2e <2020-10-01u04>+2 (based on LaTeX2e <2020-10-01> patch level 4)
L3 programming layer <2021-02-18> (./eco.cls
Document Class: eco 2013/09/29 v1.00 Mouri-rinkou eco Class
\c@@paper=\count178
\h=\dimen154
\JQ=\dimen155
\Q=\dimen156
\@Q=\dimen157

! LaTeX Error: Font family `JT1+gt' unknown.

See the LaTeX manual or LaTeX Companion for explanation.
Type  H <return>  for immediate help.
 ...                                              
                                                  
l.260 ...tShape{JT1}{gt}{m}{it}{<-> ssub*gt/m/n}{}
                                                  
Your command was ignored.
Type  I <command> <return>  to replace it with another command,
or  <return>  to continue without it.


! LaTeX Error: Encoding scheme `JT1' unknown.

See the LaTeX manual or LaTeX Companion for explanation.
Type  H <return>  for immediate help.
 ...                                              
                                                  
l.261 \DeclareFontFamily{JT1}{mdg}{}
                                    
Your command was ignored.
Type  I <command> <return>  to replace it with another command,
or  <return>  to continue without it.


! LaTeX Error: Font family `JT1+mdg' unknown.

See the LaTeX manual or LaTeX Companion for explanation.
Type  H <return>  for immediate help.
 ...                                              
                                                  
l.262 ...tShape{JT1}{mdg}{m}{n}{<-> ssub*gt/m/n}{}
                                                  
Your command was ignored.
Type  I <command> <return>  to replace it with another command,
or  <return>  to continue without it.


! LaTeX Error: Encoding scheme `JT1' unknown.

See the LaTeX manual or LaTeX Companion for explanation.
Type  H <return>  for immediate help.
 ...                                              
                                                  
l.263 \DeclareFontFamily{JT1}{gmb}{}
                                    
Your command was ignored.
Type  I <command> <return>  to replace it with another command,
or  <return>  to continue without it.


! LaTeX Error: Font family `JT1+gmb' unknown.

See the LaTeX manual or LaTeX Companion for explanation.
Type  H <return>  for immediate help.
 ...                                              
                                                  
l.264 ...tShape{JT1}{gmb}{m}{n}{<-> ssub*gt/m/n}{}
                                                  
Your command was ignored.
Type  I <command> <return>  to replace it with another command,
or  <return>  to continue without it.


! LaTeX Error: Font family `JT1+gmb' unknown.

See the LaTeX manual or LaTeX Companion for explanation.
Type  H <return>  for immediate help.
 ...                                              
                                                  
l.265 ...Shape{JT1}{gmb}{bx}{n}{<-> ssub*gt/m/n}{}
                                                  
Your command was ignored.
Type  I <command> <return>  to replace it with another command,
or  <return>  to continue without it.


! LaTeX Error: Encoding scheme `JT1' unknown.

See the LaTeX manual or LaTeX Companion for explanation.
Type  H <return>  for immediate help.
 ...                                              
                                                  
l.266 \DeclareFontFamily{JT1}{sg}{}
                                   
Your command was ignored.
Type  I <command> <return>  to replace it with another command,
or  <return>  to continue without it.


! LaTeX Error: Font family `JT1+sg' unknown.

See the LaTeX manual or LaTeX Companion for explanation.
Type  H <return>  for immediate help.
 ...                                              
                                                  
l.267 ...ntShape{JT1}{sg}{m}{n}{<-> ssub*gt/m/n}{}
                                                  
Your command was ignored.
Type  I <command> <return>  to replace it with another command,
or  <return>  to continue without it.


! LaTeX Error: Font family `JT1+sg' unknown.

See the LaTeX manual or LaTeX Companion for explanation.
Type  H <return>  for immediate help.
 ...                                              
                                                  
l.268 ...tShape{JT1}{sg}{bx}{n}{<-> ssub*gt/m/n}{}
                                                  
Your command was ignored.
Type  I <command> <return>  to replace it with another command,
or  <return>  to continue without it.


! LaTeX Error: Encoding scheme `JT1' unknown.

See the LaTeX manual or LaTeX Companion for explanation.
Type  H <return>  for immediate help.
 ...                                              
                                                  
l.269 \DeclareFontFamily{JT1}{gbm}{}
                                    
Your command was ignored.
Type  I <command> <return>  to replace it with another command,
or  <return>  to continue without it.


! LaTeX Error: Font family `JT1+gbm' unknown.

See the LaTeX manual or LaTeX Companion for explanation.
Type  H <return>  for immediate help.
 ...                                              
                                                  
l.270 ...tShape{JT1}{gbm}{m}{n}{<-> ssub*gt/m/n}{}
                                                  
Your command was ignored.
Type  I <command> <return>  to replace it with another command,
or  <return>  to continue without it.


! LaTeX Error: Font family `JT1+gbm' unknown.

See the LaTeX manual or LaTeX Companion for explanation.
Type  H <return>  for immediate help.
 ...                                              
                                                  
l.271 ...Shape{JT1}{gbm}{bx}{n}{<-> ssub*gt/m/n}{}
                                                  
Your command was ignored.
Type  I <command> <return>  to replace it with another command,
or  <return>  to continue without it.


! LaTeX Error: Encoding scheme `JT1' unknown.

See the LaTeX manual or LaTeX Companion for explanation.
Type  H <return>  for immediate help.
 ...                                              
                                                  
l.272 \DeclareFontFamily{JT1}{jun}{}
                                    
Your command was ignored.
Type  I <command> <return>  to replace it with another command,
or  <return>  to continue without it.


! LaTeX Error: Font family `JT1+jun' unknown.

See the LaTeX manual or LaTeX Companion for explanation.
Type  H <return>  for immediate help.
 ...                                              
                                                  
l.273 ...tShape{JT1}{jun}{b}{n}{<-> ssub*gt/m/n}{}
                                                  
Your command was ignored.
Type  I <command> <return>  to replace it with another command,
or  <return>  to continue without it.


! LaTeX Error: Font family `JT1+jun' unknown.

See the LaTeX manual or LaTeX Companion for explanation.
Type  H <return>  for immediate help.
 ...                                              
                                                  
l.274 ...tShape{JT1}{jun}{m}{n}{<-> ssub*gt/m/n}{}
                                                  
Your command was ignored.
Type  I <command> <return>  to replace it with another command,
or  <return>  to continue without it.


! LaTeX Error: Font family `JT1+jun' unknown.

See the LaTeX manual or LaTeX Companion for explanation.
Type  H <return>  for immediate help.
 ...                                              
                                                  
l.275 ...Shape{JT1}{jun}{bx}{n}{<-> ssub*gt/m/n}{}
                                                  
Your command was ignored.
Type  I <command> <return>  to replace it with another command,
or  <return>  to continue without it.


! LaTeX Error: Font family `JT1+mc' unknown.

See the LaTeX manual or LaTeX Companion for explanation.
Type  H <return>  for immediate help.
 ...                                              
                                                  
l.276 ...tShape{JT1}{mc}{m}{it}{<-> ssub*mc/m/n}{}
                                                  
Your command was ignored.
Type  I <command> <return>  to replace it with another command,
or  <return>  to continue without it.


! LaTeX Error: Font family `JY1+mc' unknown.

See the LaTeX manual or LaTeX Companion for explanation.
Type  H <return>  for immediate help.
 ...                                              
                                                  
l.277 ...tShape{JY1}{mc}{m}{it}{<-> ssub*mc/m/n}{}
                                                  %% v1.4
Your command was ignored.
Type  I <command> <return>  to replace it with another command,
or  <return>  to continue without it.


! LaTeX Error: Font family `JT1+mc' unknown.

See the LaTeX manual or LaTeX Companion for explanation.
Type  H <return>  for immediate help.
 ...                                              
                                                  
l.279 ...Shape{JT1}{mc}{bx}{it}{<-> ssub*gt/m/n}{}
                                                  %% v1.4
Your command was ignored.
Type  I <command> <return>  to replace it with another command,
or  <return>  to continue without it.


! LaTeX Error: Font family `JY1+mc' unknown.

See the LaTeX manual or LaTeX Companion for explanation.
Type  H <return>  for immediate help.
 ...                                              
                                                  
l.280 ...Shape{JY1}{mc}{bx}{it}{<-> ssub*gt/m/n}{}
                                                  %% v1.4
Your command was ignored.
Type  I <command> <return>  to replace it with another command,
or  <return>  to continue without it.


! LaTeX Error: Font family `JT1+mc' unknown.

See the LaTeX manual or LaTeX Companion for explanation.
Type  H <return>  for immediate help.
 ...                                              
                                                  
l.284 ...tShape{JT1}{mc}{m}{sc}{<-> ssub*mc/m/n}{}
                                                  
Your command was ignored.
Type  I <command> <return>  to replace it with another command,
or  <return>  to continue without it.


! LaTeX Error: Font family `JY1+mc' unknown.

See the LaTeX manual or LaTeX Companion for explanation.
Type  H <return>  for immediate help.
 ...                                              
                                                  
l.285 ...tShape{JY1}{mc}{m}{sc}{<-> ssub*mc/m/n}{}
                                                  
Your command was ignored.
Type  I <command> <return>  to replace it with another command,
or  <return>  to continue without it.


! LaTeX Error: Font family `JY1+mc' unknown.

See the LaTeX manual or LaTeX Companion for explanation.
Type  H <return>  for immediate help.
 ...                                              
                                                  
l.299  }{}
          
Your command was ignored.
Type  I <command> <return>  to replace it with another command,
or  <return>  to continue without it.


! LaTeX Error: Font family `JY1+gt' unknown.

See the LaTeX manual or LaTeX Companion for explanation.
Type  H <return>  for immediate help.
 ...                                              
                                                  
l.313  }{}
          
Your command was ignored.
Type  I <command> <return>  to replace it with another command,
or  <return>  to continue without it.


! LaTeX Error: Encoding scheme `JY1' unknown.

See the LaTeX manual or LaTeX Companion for explanation.
Type  H <return>  for immediate help.
 ...                                              
                                                  
l.515  \DeclareFontFamily{JY1}{fgb}{}
                                     
Your command was ignored.
Type  I <command> <return>  to replace it with another command,
or  <return>  to continue without it.


! LaTeX Error: Font family `JY1+fgb' unknown.

See the LaTeX manual or LaTeX Companion for explanation.
Type  H <return>  for immediate help.
 ...                                              
                                                  
l.519  }{}
          
Your command was ignored.
Type  I <command> <return>  to replace it with another command,
or  <return>  to continue without it.


! LaTeX Error: Encoding scheme `JT1' unknown.

See the LaTeX manual or LaTeX Companion for explanation.
Type  H <return>  for immediate help.
 ...                                              
                                                  
l.520  \DeclareFontFamily{JT1}{fgb}{}
                                     
Your command was ignored.
Type  I <command> <return>  to replace it with another command,
or  <return>  to continue without it.


! LaTeX Error: Font family `JT1+fgb' unknown.

See the LaTeX manual or LaTeX Companion for explanation.
Type  H <return>  for immediate help.
 ...                                              
                                                  
l.523  }{}
          
Your command was ignored.
Type  I <command> <return>  to replace it with another command,
or  <return>  to continue without it.


! LaTeX Error: Encoding scheme `JY1' unknown.

See the LaTeX manual or LaTeX Companion for explanation.
Type  H <return>  for immediate help.
 ...                                              
                                                  
l.526  \DeclareFontFamily{JY1}{fmb}{}
                                     
Your command was ignored.
Type  I <command> <return>  to replace it with another command,
or  <return>  to continue without it.


! LaTeX Error: Font family `JY1+fmb' unknown.

See the LaTeX manual or LaTeX Companion for explanation.
Type  H <return>  for immediate help.
 ...                                              
                                                  
l.530  }{}
          
Your command was ignored.
Type  I <command> <return>  to replace it with another command,
or  <return>  to continue without it.


! LaTeX Error: Encoding scheme `JT1' unknown.

See the LaTeX manual or LaTeX Companion for explanation.
Type  H <return>  for immediate help.
 ...                                              
                                                  
l.531  \DeclareFontFamily{JT1}{fmb}{}
                                     
Your command was ignored.
Type  I <command> <return>  to replace it with another command,
or  <return>  to continue without it.


! LaTeX Error: Font family `JT1+fmb' unknown.

See the LaTeX manual or LaTeX Companion for explanation.
Type  H <return>  for immediate help.
 ...                                              
                                                  
l.534  }{}
          
Your command was ignored.
Type  I <command> <return>  to replace it with another command,
or  <return>  to continue without it.

\ChtE=\skip47
\CdpE=\skip48
\CwdE=\skip49
\CvsE=\skip50
LaTeX Font Info:    Font shape `JT2/mc/m/n' will be
(Font)              scaled to size 9.24725pt on input line 588.
LaTeX Font Info:    Font shape `JY2/mc/m/n' will be
(Font)              scaled to size 9.24725pt on input line 588.
\normalbaselineskip=\skip51
\author@count=\count179
\label@count=\count180
\email@count=\count181
\affiliate@count=\count182
\paffiliate@count=\count183
\shubetutitlesep=\skip52
\JEhonbunsep=\skip53
\Etitleauthorsep=\skip54
\Eauthorreceivesep=\skip55
\Ereceiveabstsep=\skip56
\Eabstkeywordsep=\skip57
\Jtitlejauthorsep=\skip58
\Jauthorjreceivesep=\skip59
\Jreceivejabstsep=\skip60
\Jabstsepjkeyword=\skip61
\Jkeywordetitle=\skip62
\Jetitleeauthor=\skip63
\Jeauthorereceivesep=\skip64
\Jereceiveeabstsep=\skip65
\Jeabstekeywordsep=\skip66
\@abstractbox=\box64
\@eabstractbox=\box65
\c@part=\count184
\c@section=\count185
\c@subsection=\count186
\c@subsubsection=\count187
\c@paragraph=\count188
\c@subparagraph=\count189
\@tempboxb=\box66
\SECTwd=\box67
\section@height=\skip67
\@abovecapskip=\dimen158
\@belowcapskip=\dimen159
\c@figure=\count190
\c@table=\count191
\abovecaptionskip=\skip68
\belowcaptionskip=\skip69
\@tempboxb=\box68
\capwidth=\dimen160
\ecapwidth=\dimen161
\bibindent=\dimen162
\c@profile=\count192
\mathindent=\dimen163
\@dummyfigbox=\box69
\twocolcapwidth=\dimen164
\twocolecapwidth=\dimen165
\@compare@result=\count193
\semiyear=\toks16
\semiseq=\toks17
\dateyear=\toks18
\datemonth=\toks19
\dateday=\toks20
\dateweek=\toks21
) (/usr/local/texlive/2021/texmf-dist/tex/latex/graphics/graphicx.sty
Package: graphicx 2020/09/09 v1.2b Enhanced LaTeX Graphics (DPC,SPQR)
(/usr/local/texlive/2021/texmf-dist/tex/latex/graphics/keyval.sty
Package: keyval 2014/10/28 v1.15 key=value parser (DPC)
\KV@toks@=\toks22
) (/usr/local/texlive/2021/texmf-dist/tex/latex/graphics/graphics.sty
Package: graphics 2020/08/30 v1.4c Standard LaTeX Graphics (DPC,SPQR)
(/usr/local/texlive/2021/texmf-dist/tex/latex/graphics/trig.sty
Package: trig 2016/01/03 v1.10 sin cos tan (DPC)
) (/usr/local/texlive/2021/texmf-dist/tex/latex/graphics-cfg/graphics.cfg
File: graphics.cfg 2016/06/04 v1.11 sample graphics configuration
)
Package graphics Info: Driver file: dvips.def on input line 105.
(/usr/local/texlive/2021/texmf-dist/tex/latex/graphics-def/dvips.def
File: dvips.def 2017/06/20 v3.1d Graphics/color driver for dvips
))
\Gin@req@height=\dimen166
\Gin@req@width=\dimen167
) (/usr/local/texlive/2021/texmf-dist/tex/latex/listings/listings.sty
\lst@mode=\count194
\lst@gtempboxa=\box70
\lst@token=\toks23
\lst@length=\count195
\lst@currlwidth=\dimen168
\lst@column=\count196
\lst@pos=\count197
\lst@lostspace=\dimen169
\lst@width=\dimen170
\lst@newlines=\count198
\lst@lineno=\count199
\lst@maxwidth=\dimen171
(/usr/local/texlive/2021/texmf-dist/tex/latex/listings/lstmisc.sty
File: lstmisc.sty 2020/03/24 1.8d (Carsten Heinz)
\c@lstnumber=\count266
\lst@skipnumbers=\count267
\lst@framebox=\box71
) (/usr/local/texlive/2021/texmf-dist/tex/latex/listings/listings.cfg
File: listings.cfg 2020/03/24 1.8d listings configuration
))
Package: listings 2020/03/24 1.8d (Carsten Heinz)
(./jlisting.sty
Package: jlisting 2006/02/20 0.2 (Thor)
\lst@nextchar=\count268
\lst@inputfile=\read2
) (/usr/local/texlive/2021/texmf-dist/tex/latex/url/url.sty
\Urlmuskip=\muskip16
Package: url 2013/09/16  ver 3.4  Verb mode for urls, etc.
) (/usr/local/texlive/2021/texmf-dist/tex/latex/setspace/setspace.sty
Package: setspace 2011/12/19 v6.7a set line spacing
) (./here.sty) (/usr/local/texlive/2021/texmf-dist/tex/latex/float/float.sty
Package: float 2001/11/08 v1.3d Float enhancements (AL)
\c@float@type=\count269
\float@exts=\toks24
\float@box=\box72
\@float@everytoks=\toks25
\@floatcapt=\box73
) (/usr/local/texlive/2021/texmf-dist/tex/latex/l3backend/l3backend-dvips.def
File: l3backend-dvips.def 2021-03-18 L3 backend support: dvips
\l__pdf_internal_box=\box74
\g__pdf_backend_object_int=\count270
\l__pdf_backend_content_box=\box75
\l__pdf_backend_model_box=\box76
\g__pdf_backend_annotation_int=\count271
\g__pdf_backend_link_int=\count272
\g__pdf_backend_link_sf_int=\count273
) (./rinkou.aux)
\openout1 = `rinkou.aux'.

LaTeX Font Info:    Checking defaults for OML/cmm/m/it on input line 27.
LaTeX Font Info:    ... okay on input line 27.
LaTeX Font Info:    Checking defaults for OMS/cmsy/m/n on input line 27.
LaTeX Font Info:    ... okay on input line 27.
LaTeX Font Info:    Checking defaults for OT1/cmr/m/n on input line 27.
LaTeX Font Info:    ... okay on input line 27.
LaTeX Font Info:    Checking defaults for T1/cmr/m/n on input line 27.
LaTeX Font Info:    ... okay on input line 27.
LaTeX Font Info:    Checking defaults for TS1/cmr/m/n on input line 27.
LaTeX Font Info:    ... okay on input line 27.
LaTeX Font Info:    Checking defaults for OMX/cmex/m/n on input line 27.
LaTeX Font Info:    ... okay on input line 27.
LaTeX Font Info:    Checking defaults for U/cmr/m/n on input line 27.
LaTeX Font Info:    ... okay on input line 27.
LaTeX Font Info:    Checking defaults for JY2/mc/m/n on input line 27.
LaTeX Font Info:    ... okay on input line 27.
LaTeX Font Info:    Checking defaults for JT2/mc/m/n on input line 27.
LaTeX Font Info:    ... okay on input line 27.
\c@lstlisting=\count274
LaTeX Font Info:    Font shape `JT2/mc/m/n' will be
(Font)              scaled to size 8.53593pt on input line 35.
LaTeX Font Info:    Font shape `JY2/mc/m/n' will be
(Font)              scaled to size 8.53593pt on input line 35.
LaTeX Font Info:    Font shape `JT2/mc/bx/n' in size <8.8711> not available
(Font)              Font shape `JT2/gt/m/n' tried instead on input line 35.
LaTeX Font Info:    Font shape `JT2/gt/m/n' will be
(Font)              scaled to size 8.53593pt on input line 35.
LaTeX Font Info:    Font shape `JY2/mc/bx/n' in size <8.8711> not available
(Font)              Font shape `JY2/gt/m/n' tried instead on input line 35.
LaTeX Font Info:    Font shape `JY2/gt/m/n' will be
(Font)              scaled to size 8.53593pt on input line 35.

! LaTeX Error: Encoding scheme `JY1' unknown.

See the LaTeX manual or LaTeX Companion for explanation.
Type  H <return>  for immediate help.
 ...                                              
                                                  
l.39 \maketitle
               
Your command was ignored.
Type  I <command> <return>  to replace it with another command,
or  <return>  to continue without it.

LaTeX Font Info:    Font shape `JT2/mc/m/n' will be
(Font)              scaled to size 12.8039pt on input line 39.
LaTeX Font Info:    Font shape `JY2/mc/m/n' will be
(Font)              scaled to size 12.8039pt on input line 39.
LaTeX Font Info:    Trying to load font information for OT1+fgb on input line 39.
LaTeX Font Info:    No file OT1fgb.fd. on input line 39.

LaTeX Font Warning: Font shape `OT1/fgb/m/n' undefined
(Font)              using `OT1/cmr/m/n' instead on input line 39.


! LaTeX Error: Encoding scheme `JY1' unknown.

See the LaTeX manual or LaTeX Companion for explanation.
Type  H <return>  for immediate help.
 ...                                              
                                                  
l.39 \maketitle
               
Your command was ignored.
Type  I <command> <return>  to replace it with another command,
or  <return>  to continue without it.

LaTeX Font Info:    Font shape `JT2/mc/m/n' will be
(Font)              scaled to size 18.49452pt on input line 39.
LaTeX Font Info:    Font shape `JY2/mc/m/n' will be
(Font)              scaled to size 18.49452pt on input line 39.
LaTeX Font Info:    Trying to load font information for OT1+gt on input line 39.
LaTeX Font Info:    No file OT1gt.fd. on input line 39.

LaTeX Font Warning: Font shape `OT1/gt/m/n' undefined
(Font)              using `OT1/cmr/m/n' instead on input line 39.

LaTeX Font Info:    Font shape `JT2/mc/b/n' in size <19.2207> not available
(Font)              Font shape `JT2/mc/bx/n' tried instead on input line 39.
LaTeX Font Info:    Font shape `JT2/mc/bx/n' in size <19.2207> not available
(Font)              Font shape `JT2/gt/m/n' tried instead on input line 39.
LaTeX Font Info:    Font shape `JT2/gt/m/n' will be
(Font)              scaled to size 18.49452pt on input line 39.
LaTeX Font Info:    Font shape `JY2/mc/b/n' in size <19.2207> not available
(Font)              Font shape `JY2/mc/bx/n' tried instead on input line 39.
LaTeX Font Info:    Font shape `JY2/mc/bx/n' in size <19.2207> not available
(Font)              Font shape `JY2/gt/m/n' tried instead on input line 39.
LaTeX Font Info:    Font shape `JY2/gt/m/n' will be
(Font)              scaled to size 18.49452pt on input line 39.

LaTeX Font Warning: Font shape `OT1/gt/b/n' undefined
(Font)              using `OT1/gt/m/n' instead on input line 39.

LaTeX Font Info:    Font shape `JT2/mc/b/n' in size <12> not available
(Font)              Font shape `JT2/mc/bx/n' tried instead on input line 39.
LaTeX Font Info:    Font shape `JT2/mc/bx/n' in size <12> not available
(Font)              Font shape `JT2/gt/m/n' tried instead on input line 39.
LaTeX Font Info:    Font shape `JT2/gt/m/n' will be
(Font)              scaled to size 11.54663pt on input line 39.
LaTeX Font Info:    Font shape `JY2/mc/b/n' in size <12> not available
(Font)              Font shape `JY2/mc/bx/n' tried instead on input line 39.
LaTeX Font Info:    Font shape `JY2/mc/bx/n' in size <12> not available
(Font)              Font shape `JY2/gt/m/n' tried instead on input line 39.
LaTeX Font Info:    Font shape `JY2/gt/m/n' will be
(Font)              scaled to size 11.54663pt on input line 39.
LaTeX Font Info:    Calculating math sizes for size <9.61035> on input line 39.
LaTeX Font Info:    Font shape `JT2/mc/m/n' will be
(Font)              scaled to size 16.62714pt on input line 39.
LaTeX Font Info:    Font shape `JY2/mc/m/n' will be
(Font)              scaled to size 16.62714pt on input line 39.
LaTeX Font Info:    Font shape `JT2/mc/m/n' will be
(Font)              scaled to size 7.11327pt on input line 39.
LaTeX Font Info:    Font shape `JY2/mc/m/n' will be
(Font)              scaled to size 7.11327pt on input line 39.
LaTeX Font Info:    Font shape `JT2/mc/m/n' will be
(Font)              scaled to size 11.38124pt on input line 42.
LaTeX Font Info:    Font shape `JY2/mc/m/n' will be
(Font)              scaled to size 11.38124pt on input line 42.
LaTeX Font Info:    Font shape `JT2/mc/bx/n' in size <11.82813> not available
(Font)              Font shape `JT2/gt/m/n' tried instead on input line 42.
LaTeX Font Info:    Font shape `JT2/gt/m/n' will be
(Font)              scaled to size 11.38124pt on input line 42.
LaTeX Font Info:    Font shape `JY2/mc/bx/n' in size <11.82813> not available
(Font)              Font shape `JY2/gt/m/n' tried instead on input line 42.
LaTeX Font Info:    Font shape `JY2/gt/m/n' will be
(Font)              scaled to size 11.38124pt on input line 42.
LaTeX Font Info:    Font shape `JT2/mc/m/n' will be
(Font)              scaled to size 7.8246pt on input line 49.
LaTeX Font Info:    Font shape `JY2/mc/m/n' will be
(Font)              scaled to size 7.8246pt on input line 49.
LaTeX Font Info:    Font shape `JT2/mc/bx/n' in size <8.13184> not available
(Font)              Font shape `JT2/gt/m/n' tried instead on input line 50.
LaTeX Font Info:    Font shape `JT2/gt/m/n' will be
(Font)              scaled to size 7.8246pt on input line 50.
LaTeX Font Info:    Font shape `JY2/mc/bx/n' in size <8.13184> not available
(Font)              Font shape `JY2/gt/m/n' tried instead on input line 50.
LaTeX Font Info:    Font shape `JY2/gt/m/n' will be
(Font)              scaled to size 7.8246pt on input line 50.
LaTeX Font Info:    Calculating math sizes for size <8.13184> on input line 52.
File: fig/pic1.eps Graphic file (type eps)
<fig/pic1.eps>
LaTeX Font Info:    Kanji font shape `JY2/mc/m/it' undefined
(Font)              No change on input line 94.
[1


]
File: fig/pic2_1.eps Graphic file (type eps)
<fig/pic2_1.eps>
File: fig/pic3.eps Graphic file (type eps)
<fig/pic3.eps>
File: fig/pic2_2.eps Graphic file (type eps)
<fig/pic2_2.eps>
File: fig/pic4.eps Graphic file (type eps)
<fig/pic4.eps>
File: fig/pic5.eps Graphic file (type eps)
<fig/pic5.eps>
Overfull \hbox (0.89122pt too wide) in paragraph at lines 148--149
 [][] 
 []

LaTeX Font Info:    Font shape `JT2/mc/bx/n' in size <9.61035> not available
(Font)              Font shape `JT2/gt/m/n' tried instead on input line 159.
LaTeX Font Info:    Font shape `JT2/gt/m/n' will be
(Font)              scaled to size 9.24725pt on input line 159.
LaTeX Font Info:    Font shape `JY2/mc/bx/n' in size <9.61035> not available
(Font)              Font shape `JY2/gt/m/n' tried instead on input line 159.
LaTeX Font Info:    Font shape `JY2/gt/m/n' will be
(Font)              scaled to size 9.24725pt on input line 159.
LaTeX Font Info:    Kanji font shape `JY2/mc/m/it' undefined
(Font)              No change on input line 164.
[2]
File: fig/pic7.eps Graphic file (type eps)
<fig/pic7.eps>
Overfull \hbox (1.29272pt too wide) in paragraph at lines 191--192
 [][] 
 []

File: fig/pic6.eps Graphic file (type eps)
<fig/pic6.eps>
File: fig/pic8.eps Graphic file (type eps)
<fig/pic8.eps>
File: fig/pic9.eps Graphic file (type eps)
<fig/pic9.eps>
Overfull \hbox (30.08647pt too wide) in paragraph at lines 239--240
 [][] 
 []

LaTeX Font Info:    Calculating math sizes for size <8.8711> on input line 249.
LaTeX Font Info:    Trying to load font information for OML+cmr on input line 251.
(/usr/local/texlive/2021/texmf-dist/tex/latex/base/omlcmr.fd
File: omlcmr.fd 2019/12/16 v2.5j Standard LaTeX font definitions
)
LaTeX Font Info:    Font shape `OML/cmr/m/n' in size <8.8711> not available
(Font)              Font shape `OML/cmm/m/it' tried instead on input line 251.

Underfull \hbox (badness 10000) in paragraph at lines 250--253
[]\OT1/cmr/m/n/8.8711 mit-pods/xv6-public \OML/cmm/m/it/8.8711 <$\OT1/cmtt/m/n/8.8711 https : / / github . com /
 []

LaTeX Font Info:    Kanji font shape `JY2/mc/m/it' undefined
(Font)              No change on input line 253.
[3]
Underfull \hbox (badness 10000) in paragraph at lines 253--256
\OT1/cmtt/m/n/8.8711 content / www / jp / ja / architecture-[]and-[]technology /
 []


Overfull \hbox (81.33505pt too wide) in paragraph at lines 253--256
\OT1/cmtt/m/n/8.8711 64-[]ia-[]32-[]architectures-[]software-[]developer-[]vol-[]3a-[]part-[]1-[]manual .
 []

LaTeX Font Info:    Kanji font shape `JY2/mc/m/it' undefined
(Font)              No change on input line 259.
[4

] (./rinkou.aux)

LaTeX Font Warning: Some font shapes were not available, defaults substituted.


LaTeX Warning: Label(s) may have changed. Rerun to get cross-references right.

 ) 
Here is how much of TeX's memory you used:
 3016 strings out of 479460
 43597 string characters out of 5870463
 350203 words of memory out of 5000000
 20714 multiletter control sequences out of 15000+600000
 423502 words of font info for 119 fonts, out of 8000000 for 9000
 929 hyphenation exceptions out of 8191
 68i,7n,74p,858b,428s stack positions out of 5000i,500n,10000p,200000b,80000s

Output written on ./rinkou.dvi (4 pages, 19624 bytes).
